
ROM used: 2066 (6%)
          2066 (6%) including unused fragments

          1 Average locations per line
          3 Average locations per statement

RAM used: 46 (3%) at main() level
          65 (4%) worst case

Stack used: 9 worst case (out of 31 total available)

Lines Stmts  %   Files
----- ----- ---  -----
  169    69  11  calendario.c
  359     0   0  C:\PICC\devices\18F452.h
   73    36   6  lcd_8b.c
   74    33   5  i2c.h
 1351   359  58  C:\PICC\drivers\stdlib.h
   32     0   0  C:\PICC\drivers\stddef.h
  423   125  20  C:\PICC\drivers\string.h
   28     0   0  C:\PICC\drivers\ctype.h
----- -----
 2509   622 Total

Page ROM  %  RAM   Vol Diff  Functions:
---- --- --- ---   --- ----  ----------
0     46   1   1             @delay_ms1
0     28   1   1             @I2C_WRITEU_1
0     30   1   1             @I2C_READU_1
0     16   0   1    59  1.2  lcd_cmd
0     38   1   2   127  1.8  lcd_envia_byte
0     34   1   3   173  5.0  lcd_pos_xy
0     84   2   1   290  4.1  lcd
0    114   3   1   330  3.1  lcd_init
0     62   2   3   260  5.0  handshake_i2c
0     36   1   1   127  2.6  recive_i2c
0     36   1   2   127  3.7  read_i2c
0    316   8   3  1662 10.0  isr_timer2
0    532  13   2  1358  6.8  MAIN
0     20   0   0             @const393
0     20   0   0             @const394
0     20   0   0             @const395
0     20   0   0             @const396
0     20   0   0             @const397
0     20   0   0             @const398
0     20   0   0             @const399
0     20   0   0             @const400
0     20   0   0             @const401
0     20   0   0             @const402
0     20   0   0             @const403
0     36   1   2             @PSTRINGR_77
0     40   1   3             @DIV88
0    200   5   6             @PRINTF_D_77
0     28   1   3   150  5.0  make4

Program metrics:
    Functions               11
    Statements              622
    Comments                921
    Volume (V)              6991
    Difficilty (D)          46.1
    Effort to implement (E) 321993
    Time to implement (T)   4 hours, 58 minutes
    Est Delivered Bugs (B)  2
    Cyclomatic Complexity   31
    Maintainability (MI)    121

 Segment     Used  Free
-----------  ----  ----
00000-00002     4  0  
00004-00006     0  4  
00008-000AC   166  0  
000AE-07FFE  1896  30698  



